<?xml version="1.0" encoding="UTF-8"?>
<!-- Generated by org.testng.reporters.JUnitReportReporter -->
<testsuite skipped="0" hostname="NX00314" name="tests.BaseClass" tests="1" failures="0" timestamp="14 Jan 2021 14:35:12 GMT" time="0.012" errors="0">
  <testcase name="sampleTest" time="0.012" classname="tests.BaseClass"/>
</testsuite> <!-- tests.BaseClass -->
